[1125/221149.522:ERROR:directory_reader_win.cc(43)] FindFirstFile: The system cannot find the path specified. (0x3)
[1125/224929.355:ERROR:directory_reader_win.cc(43)] FindFirstFile: The system cannot find the path specified. (0x3)
[1125/230438.031:ERROR:process_reader_win.cc(123)] NtOpenThread: {Access Denied} A process has requested access to an object, but has not been granted those access rights. (0xc0000022)
[1125/230438.046:ERROR:exception_snapshot_win.cc(99)] thread ID 13340 not found in process
[1125/230438.094:ERROR:process_reader_win.cc(123)] NtOpenThread: {Access Denied} A process has requested access to an object, but has not been granted those access rights. (0xc0000022)
[1125/230438.095:ERROR:exception_snapshot_win.cc(99)] thread ID 7376 not found in process
[1126/124441.788:ERROR:directory_reader_win.cc(43)] FindFirstFile: The system cannot find the path specified. (0x3)
[1126/132644.977:ERROR:directory_reader_win.cc(43)] FindFirstFile: The system cannot find the path specified. (0x3)
[1126/174706.602:ERROR:process_reader_win.cc(151)] SuspendThread: Access is denied. (0x5)
[1126/174706.602:ERROR:process_reader_win.cc(151)] SuspendThread: Access is denied. (0x5)
[1126/174706.602:ERROR:process_reader_win.cc(151)] SuspendThread: Access is denied. (0x5)
[1126/174706.602:ERROR:exception_snapshot_win.cc(99)] thread ID 484 not found in process
[1126/180811.551:ERROR:directory_reader_win.cc(43)] FindFirstFile: The system cannot find the path specified. (0x3)
[1126/195850.474:ERROR:directory_reader_win.cc(43)] FindFirstFile: The system cannot find the path specified. (0x3)
[1126/202853.411:ERROR:directory_reader_win.cc(43)] FindFirstFile: The system cannot find the path specified. (0x3)
[1126/215518.869:ERROR:process_reader_win.cc(151)] SuspendThread: Access is denied. (0x5)
[1126/215518.871:ERROR:process_reader_win.cc(151)] SuspendThread: Access is denied. (0x5)
[1126/215518.871:ERROR:process_reader_win.cc(151)] SuspendThread: Access is denied. (0x5)
[1126/215518.871:ERROR:process_reader_win.cc(151)] SuspendThread: Access is denied. (0x5)
[1126/215518.871:ERROR:process_reader_win.cc(151)] SuspendThread: Access is denied. (0x5)
[1126/215518.871:ERROR:process_reader_win.cc(151)] SuspendThread: Access is denied. (0x5)
[1126/215518.871:ERROR:process_reader_win.cc(151)] SuspendThread: Access is denied. (0x5)
[1126/215518.871:ERROR:process_reader_win.cc(151)] SuspendThread: Access is denied. (0x5)
[1126/215518.871:ERROR:process_reader_win.cc(151)] SuspendThread: Access is denied. (0x5)
[1126/215518.871:ERROR:exception_snapshot_win.cc(99)] thread ID 9996 not found in process
[1126/215849.209:ERROR:process_reader_win.cc(188)] ResumeThread: The parameter is incorrect. (0x57)
[1126/215849.210:ERROR:process_reader_win.cc(151)] SuspendThread: Access is denied. (0x5)
[1126/215849.210:ERROR:process_reader_win.cc(151)] SuspendThread: Access is denied. (0x5)
[1126/215849.210:ERROR:process_reader_win.cc(151)] SuspendThread: Access is denied. (0x5)
[1126/215849.210:ERROR:process_reader_win.cc(151)] SuspendThread: Access is denied. (0x5)
[1126/215849.210:ERROR:process_reader_win.cc(151)] SuspendThread: Access is denied. (0x5)
[1126/215849.210:ERROR:process_reader_win.cc(151)] SuspendThread: Access is denied. (0x5)
[1126/215849.210:ERROR:process_reader_win.cc(151)] SuspendThread: Access is denied. (0x5)
[1126/215849.210:ERROR:process_reader_win.cc(151)] SuspendThread: Access is denied. (0x5)
[1126/215849.210:ERROR:process_reader_win.cc(151)] SuspendThread: Access is denied. (0x5)
[1126/215849.210:ERROR:process_reader_win.cc(151)] SuspendThread: Access is denied. (0x5)
[1126/215849.325:ERROR:filesystem_win.cc(129)] GetFileAttributes C:\Users\Adithya\AppData\Local\Temp\scoped_dir4644_2110183415\Crashpad\attachments\b96ab57c-73eb-4f0a-9247-96700a43eb03: The system cannot find the path specified. (0x3)
